label:               N/A                                               
model:               eaDCA                                             
input MSA:           /home/mbettiati/LBE_MatteoBettiati/tests/Artificial_rybo_gen_jl/own_dca/data/input_test/GII/GII.fasta
alphabet:            rna                                               
sampler:             gibbs                                             
nchains:             1613                                              
nsweeps:             10                                                
lr:                  0.05                                              
target Pearson Cij:  0.83                                              
gsteps:              10                                                
factivate:           0.001                                             

Epochs     Pearson    Slope      LL_train   LL_test    ESS        Entropy    Density    Time       Gaps_freq 
10         0.003      0.000      -9236.525  0.000      0.001      235.355    0.546      54.670     0.260     
20         0.004      0.001      -18807.008 0.000      0.001      211.864    0.546      109.725    0.272     
30         0.006      0.001      -28370.531 0.000      0.001      205.116    0.546      165.985    0.274     
40         0.009      0.001      -37931.051 0.000      0.001      200.930    0.546      223.334    0.275     
50         0.011      0.002      -47490.191 0.000      0.001      198.625    0.546      279.529    0.275     
60         0.012      0.002      -57048.641 0.000      0.001      197.270    0.546      335.371    0.275     
70         0.014      0.002      -66606.039 0.000      0.001      195.658    0.546      390.120    0.275     
80         0.013      0.002      -76163.430 0.000      0.001      194.850    0.546      446.097    0.275     
90         0.014      0.002      -85720.875 0.000      0.001      194.051    0.546      503.103    0.275     
100        0.014      0.002      -95278.047 0.000      0.001      193.143    0.546      557.729    0.276     
110        0.014      0.002      -104835.078 0.000      0.001      192.734    0.546      613.530    0.275     
120        0.015      0.002      -114392.289 0.000      0.001      192.516    0.546      668.413    0.275     
130        0.015      0.002      -123949.266 0.000      0.001      191.738    0.546      722.978    0.275     
140        0.015      0.002      -133506.062 0.000      0.001      191.277    0.546      779.211    0.275     
150        0.015      0.002      -143062.766 0.000      0.001      190.473    0.546      835.078    0.275     
160        0.014      0.002      -152619.391 0.000      0.001      190.012    0.546      890.895    0.275     
170        0.015      0.002      -162176.062 0.000      0.001      189.125    0.546      945.877    0.275     
180        0.015      0.002      -171732.625 0.000      0.001      188.848    0.546      1001.039   0.275     
190        0.015      0.002      -181289.031 0.000      0.001      188.242    0.546      1056.396   0.275     
200        0.015      0.002      -190845.375 0.000      0.001      187.539    0.546      1111.078   0.276     
210        0.015      0.002      -200402.000 0.000      0.001      186.906    0.546      1166.648   0.276     
220        0.016      0.002      -209958.438 0.000      0.001      186.297    0.546      1222.335   0.275     
230        0.015      0.002      -219515.094 0.000      0.001      186.000    0.546      1278.421   0.275     
240        0.016      0.002      -229071.750 0.000      0.001      185.391    0.546      1334.404   0.275     
250        0.016      0.002      -238628.266 0.000      0.001      185.352    0.546      1390.568   0.275     
260        0.014      0.002      -248184.594 0.000      0.001      185.016    0.546      1445.954   0.275     
270        0.015      0.002      -257741.219 0.000      0.001      184.352    0.546      1501.148   0.275     
280        0.015      0.002      -267297.844 0.000      0.001      183.977    0.546      1556.045   0.275     
290        0.014      0.002      -276854.375 0.000      0.001      183.961    0.546      1610.659   0.276     
300        0.015      0.002      -286410.812 0.000      0.001      183.508    0.546      1665.267   0.275     
310        0.015      0.002      -295967.250 0.000      0.001      183.070    0.546      1722.169   0.275     
320        0.016      0.002      -305523.750 0.000      0.001      182.477    0.546      1776.915   0.275     
330        0.016      0.002      -315080.312 0.000      0.001      182.180    0.546      1831.117   0.276     
340        0.017      0.002      -324636.438 0.000      0.001      182.102    0.546      1885.341   0.275     
350        0.016      0.002      -334192.938 0.000      0.001      181.156    0.546      1940.094   0.275     
360        0.016      0.002      -343749.125 0.000      0.001      181.055    0.546      1994.291   0.275     
370        0.016      0.002      -353305.344 0.000      0.001      180.578    0.546      2048.480   0.275     
380        0.016      0.002      -362861.688 0.000      0.001      179.961    0.546      2102.662   0.275     
390        0.015      0.002      -372417.906 0.000      0.001      179.938    0.546      2157.078   0.275     
400        0.016      0.002      -381974.188 0.000      0.001      179.172    0.546      2211.287   0.275     
410        0.015      0.002      -391530.562 0.000      0.001      178.844    0.546      2265.431   0.275     
420        0.016      0.002      -401086.906 0.000      0.001      178.547    0.546      2319.917   0.275     
430        0.016      0.002      -410643.500 0.000      0.001      178.188    0.546      2374.353   0.275     
440        0.017      0.002      -420199.688 0.000      0.001      177.766    0.546      2428.438   0.275     
